0 info it worked if it ends with ok
1 verbose cli [ '/usr/local/lib/node_modules/node/bin/node',
1 verbose cli   '/usr/local/bin/npm',
1 verbose cli   'run',
1 verbose cli   'watch' ]
2 info using npm@3.10.10
3 info using node@v10.5.0
4 verbose run-script [ 'prewatch', 'watch', 'postwatch' ]
5 info lifecycle core-bot@1.0.0~prewatch: core-bot@1.0.0
6 silly lifecycle core-bot@1.0.0~prewatch: no script for prewatch, continuing
7 info lifecycle core-bot@1.0.0~watch: core-bot@1.0.0
8 verbose lifecycle core-bot@1.0.0~watch: unsafe-perm in lifecycle true
9 verbose lifecycle core-bot@1.0.0~watch: PATH: /usr/local/lib/node_modules/npm/bin/node-gyp-bin:/Users/somayajulaas/Downloads/jenkins-bot01-src/node_modules/.bin:/usr/local/lib/node_modules/node/bin:/Users/somayajulaas/anaconda3/bin:/usr/local/bin:/usr/bin:/bin:/usr/sbin:/sbin:/usr/local/go/bin:/usr/local/share/dotnet:~/.dotnet/tools:/Library/Frameworks/Mono.framework/Versions/Current/Commands
10 verbose lifecycle core-bot@1.0.0~watch: CWD: /Users/somayajulaas/Downloads/jenkins-bot01-src
11 silly lifecycle core-bot@1.0.0~watch: Args: [ '-c', 'nodemon ./index.js' ]
12 info lifecycle core-bot@1.0.0~watch: Failed to exec watch script
13 verbose stack Error: core-bot@1.0.0 watch: `nodemon ./index.js`
13 verbose stack spawn ENOENT
13 verbose stack     at ChildProcess.<anonymous> (/usr/local/lib/node_modules/npm/lib/utils/spawn.js:33:16)
13 verbose stack     at ChildProcess.emit (events.js:182:13)
13 verbose stack     at maybeClose (internal/child_process.js:961:16)
13 verbose stack     at Process.ChildProcess._handle.onexit (internal/child_process.js:248:5)
14 verbose pkgid core-bot@1.0.0
15 verbose cwd /Users/somayajulaas/Downloads/jenkins-bot01-src
16 error Darwin 18.7.0
17 error argv "/usr/local/lib/node_modules/node/bin/node" "/usr/local/bin/npm" "run" "watch"
18 error node v10.5.0
19 error npm  v3.10.10
20 error file sh
21 error code ELIFECYCLE
22 error errno ENOENT
23 error syscall spawn
24 error core-bot@1.0.0 watch: `nodemon ./index.js`
24 error spawn ENOENT
25 error Failed at the core-bot@1.0.0 watch script 'nodemon ./index.js'.
25 error Make sure you have the latest version of node.js and npm installed.
25 error If you do, this is most likely a problem with the core-bot package,
25 error not with npm itself.
25 error Tell the author that this fails on your system:
25 error     nodemon ./index.js
25 error You can get information on how to open an issue for this project with:
25 error     npm bugs core-bot
25 error Or if that isn't available, you can get their info via:
25 error     npm owner ls core-bot
25 error There is likely additional logging output above.
26 verbose exit [ 1, true ]
